0 info it worked if it ends with ok
1 verbose cli [ 'C:\\Program Files\\nodejs\\\\node.exe',
1 verbose cli   'C:\\Program Files\\nodejs\\node_modules\\npm\\bin\\npm-cli.js',
1 verbose cli   'install',
1 verbose cli   'express',
1 verbose cli   '--save' ]
2 info using npm@2.5.1
3 info using node@v0.12.0
4 verbose node symlink C:\Program Files\nodejs\\node.exe
5 warn package.json imageUp@1.0.0 No description
6 warn package.json imageUp@1.0.0 No README data
7 silly cache add args [ 'express', null ]
8 verbose cache add spec express
9 silly cache add parsed spec { raw: 'express',
9 silly cache add   scope: null,
9 silly cache add   name: 'express',
9 silly cache add   rawSpec: '',
9 silly cache add   spec: '*',
9 silly cache add   type: 'range' }
10 verbose addNamed express@*
11 silly addNamed semver.valid null
12 silly addNamed semver.validRange *
13 silly addNameRange { name: 'express', range: '*', hasData: false }
14 silly mapToRegistry name express
15 silly mapToRegistry using default registry
16 silly mapToRegistry registry https://registry.npmjs.org/
17 silly mapToRegistry uri https://registry.npmjs.org/express
18 verbose addNameRange registry:https://registry.npmjs.org/express not in flight; fetching
19 verbose request uri https://registry.npmjs.org/express
20 verbose request no auth needed
21 info attempt registry request try #1 at 09:22:24
22 verbose request id 784ee2581cf0232b
23 http request GET https://registry.npmjs.org/express
24 info retry will retry, error on last attempt: Error: tunneling socket could not be established, cause=write EPROTO 101057795:error:140770FC:SSL routines:SSL23_GET_SERVER_HELLO:unknown protocol:openssl\ssl\s23_clnt.c:795:
25 info attempt registry request try #2 at 09:22:34
26 http request GET https://registry.npmjs.org/express
27 info retry will retry, error on last attempt: Error: tunneling socket could not be established, cause=write EPROTO 101057795:error:140770FC:SSL routines:SSL23_GET_SERVER_HELLO:unknown protocol:openssl\ssl\s23_clnt.c:795:
28 info attempt registry request try #3 at 09:23:34
29 http request GET https://registry.npmjs.org/express
30 verbose stack Error: tunneling socket could not be established, cause=write EPROTO 101057795:error:140770FC:SSL routines:SSL23_GET_SERVER_HELLO:unknown protocol:openssl\ssl\s23_clnt.c:795:
30 verbose stack
30 verbose stack     at ClientRequest.onError (C:\Program Files\nodejs\node_modules\npm\node_modules\request\node_modules\tunnel-agent\index.js:168:17)
30 verbose stack     at ClientRequest.g (events.js:199:16)
30 verbose stack     at ClientRequest.emit (events.js:107:17)
30 verbose stack     at TLSSocket.socketErrorListener (_http_client.js:272:9)
30 verbose stack     at TLSSocket.emit (events.js:129:20)
30 verbose stack     at onwriteError (_stream_writable.js:317:10)
30 verbose stack     at onwrite (_stream_writable.js:335:5)
30 verbose stack     at WritableState.onwrite (_stream_writable.js:105:5)
30 verbose stack     at fireErrorCallbacks (net.js:448:13)
30 verbose stack     at TLSSocket.Socket._destroy (net.js:486:3)
31 verbose cwd C:\Users\suporte\imageUp
32 error Windows_NT 6.1.7601
33 error argv "C:\\Program Files\\nodejs\\\\node.exe" "C:\\Program Files\\nodejs\\node_modules\\npm\\bin\\npm-cli.js" "install" "express" "--save"
34 error node v0.12.0
35 error npm  v2.5.1
36 error code ECONNRESET
37 error network tunneling socket could not be established, cause=write EPROTO 101057795:error:140770FC:SSL routines:SSL23_GET_SERVER_HELLO:unknown protocol:openssl\ssl\s23_clnt.c:795:
37 error network
37 error network This is most likely not a problem with npm itself
37 error network and is related to network connectivity.
37 error network In most cases you are behind a proxy or have bad network settings.
37 error network
37 error network If you are behind a proxy, please make sure that the
37 error network 'proxy' config is set properly.  See: 'npm help config'
38 verbose exit [ 1, true ]
